Dec 24 02:53:45.009 INFO: manager: 1.2.2
Dec 24 02:53:45.009 INFO: manager: Copyright (C) 2003-2020, Noriaki Ando and OpenRTM development team,
Dec 24 02:53:45.009 INFO: manager:   Intelligent Systems Research Institute, AIST,
Dec 24 02:53:45.009 INFO: manager: Copyright (C) 2020, Noriaki Ando and OpenRTM development team,
Dec 24 02:53:45.009 INFO: manager:   Industrial Cyber-Physical Research Center, AIST,
Dec 24 02:53:45.009 INFO: manager:   All right reserved.
Dec 24 02:53:45.009 INFO: manager: Manager starting.
Dec 24 02:53:45.009 INFO: manager: Starting local logging.
Dec 24 02:53:45.011 INFO: NamingManager: NameServer connection failed: corba/localhost
Dec 24 02:53:45.012 INFO: ManagerServant: Named manager reference (INS) was successfully created.
Dec 24 02:53:45.012 WARNING: ManagerServant: Master manager not found
Dec 24 02:53:45.012 INFO: LocalServiceAdmin: All the local services are enabled.
Dec 24 02:53:45.013 INFO: ec_base: setRate(1000000.000000) done
Dec 24 02:53:45.013 INFO: ec_base: setRate(1000.000000) done
Dec 24 02:53:45.014 INFO: ImageSubtraction0: 1 execution context was created.
Dec 24 02:53:45.014 INFO: ImageSubtraction0: Initial active configuration set is default.
Dec 24 02:53:55.079 INFO: NamingManager: NameServer connection failed: corba/localhost
Dec 24 02:53:55.080 INFO: ManagerServant: Master manager not found
Dec 24 02:54:05.158 INFO: NamingManager: NameServer connection failed: corba/localhost
Dec 24 02:54:05.159 INFO: ManagerServant: Master manager not found
Dec 24 02:54:15.255 INFO: NamingManager: NameServer connection failed: corba/localhost
Dec 24 02:54:15.256 INFO: ManagerServant: Master manager not found
Dec 24 02:54:25.325 INFO: NamingManager: NameServer connection failed: corba/localhost
Dec 24 02:54:25.325 INFO: ManagerServant: Master manager not found
Dec 24 02:54:35.429 INFO: NamingManager: NameServer connection failed: corba/localhost
Dec 24 02:54:35.430 INFO: ManagerServant: Master manager not found
Dec 24 02:54:45.485 INFO: NamingManager: NameServer connection failed: corba/localhost
Dec 24 02:54:45.486 INFO: ManagerServant: Master manager not found
Dec 24 02:54:55.574 WARNING: NamingOnCorba: No endpoint for the CORBA naming service (localhost) was found.
Dec 24 02:54:55.574 INFO: NamingManager: NameServer connection succeeded: corba/localhost
Dec 24 02:54:55.574 INFO: NamingManager: Connected to a name server: corba/localhost
Dec 24 02:54:55.575 INFO: ManagerServant: Master manager not found
Dec 24 02:55:05.648 INFO: ManagerServant: Master manager not found
Dec 24 02:55:11.109 WARNING: SdoServiceAdmin: No available SDO service in the factory: 
Dec 24 02:55:15.716 INFO: ManagerServant: Master manager not found
Dec 24 02:55:25.782 INFO: ManagerServant: Master manager not found
Dec 24 02:55:35.830 INFO: ManagerServant: Master manager not found
Dec 24 02:55:45.888 INFO: ManagerServant: Master manager not found
Dec 24 02:55:59.470 INFO: ManagerServant: Master manager not found
Dec 24 02:56:09.494 INFO: ManagerServant: Master manager not found
Dec 24 02:56:19.518 INFO: ManagerServant: Master manager not found
Dec 24 02:56:29.546 INFO: ManagerServant: Master manager not found
Dec 24 02:56:39.577 INFO: ManagerServant: Master manager not found
Dec 24 02:56:49.603 INFO: ManagerServant: Master manager not found
Dec 24 02:56:59.636 INFO: ManagerServant: Master manager not found
Dec 24 02:57:09.667 INFO: ManagerServant: Master manager not found
Dec 24 02:57:19.697 INFO: ManagerServant: Master manager not found
Dec 24 02:57:29.729 INFO: ManagerServant: Master manager not found
Dec 24 02:57:39.759 INFO: ManagerServant: Master manager not found
Dec 24 02:57:49.790 INFO: ManagerServant: Master manager not found
Dec 24 02:57:59.815 INFO: ManagerServant: Master manager not found
Dec 24 02:58:09.836 INFO: ManagerServant: Master manager not found
Dec 24 02:58:24.320 INFO: ManagerServant: Master manager not found
Dec 24 02:58:34.357 INFO: ManagerServant: Master manager not found
Dec 24 02:58:44.380 INFO: ManagerServant: Master manager not found
Dec 24 02:58:54.411 INFO: ManagerServant: Master manager not found
Dec 24 02:59:06.467 INFO: ManagerServant: Master manager not found
Dec 24 02:59:16.503 INFO: ManagerServant: Master manager not found
Dec 24 02:59:26.553 INFO: ManagerServant: Master manager not found
Dec 24 02:59:36.591 INFO: ManagerServant: Master manager not found
Dec 24 02:59:46.627 INFO: ManagerServant: Master manager not found
Dec 24 02:59:56.688 INFO: ManagerServant: Master manager not found
Dec 24 03:00:06.740 INFO: ManagerServant: Master manager not found
Dec 24 03:00:16.801 INFO: ManagerServant: Master manager not found
Dec 24 03:00:26.855 INFO: ManagerServant: Master manager not found
Dec 24 03:00:36.895 INFO: ManagerServant: Master manager not found
Dec 24 03:00:46.929 INFO: ManagerServant: Master manager not found
Dec 24 03:00:56.975 INFO: ManagerServant: Master manager not found
Dec 24 03:01:07.036 INFO: ManagerServant: Master manager not found
Dec 24 03:01:17.084 INFO: ManagerServant: Master manager not found
Dec 24 03:01:27.132 INFO: ManagerServant: Master manager not found
Dec 24 03:01:37.195 INFO: ManagerServant: Master manager not found
Dec 24 03:01:47.250 INFO: ManagerServant: Master manager not found
Dec 24 03:01:57.312 INFO: ManagerServant: Master manager not found
Dec 24 03:02:07.372 INFO: ManagerServant: Master manager not found
Dec 24 03:02:17.424 INFO: ManagerServant: Master manager not found
Dec 24 03:02:27.475 INFO: ManagerServant: Master manager not found
Dec 24 03:02:37.533 INFO: ManagerServant: Master manager not found
Dec 24 03:02:47.592 INFO: ManagerServant: Master manager not found
Dec 24 03:02:57.649 INFO: ManagerServant: Master manager not found
Dec 24 03:03:07.708 INFO: ManagerServant: Master manager not found
Dec 24 03:03:17.763 INFO: ManagerServant: Master manager not found
Dec 24 03:03:27.833 INFO: ManagerServant: Master manager not found
Dec 24 03:03:37.890 INFO: ManagerServant: Master manager not found
Dec 24 03:03:47.928 INFO: ManagerServant: Master manager not found
Dec 24 03:03:57.977 INFO: ManagerServant: Master manager not found
Dec 24 03:04:08.047 INFO: ManagerServant: Master manager not found
Dec 24 03:04:18.115 INFO: ManagerServant: Master manager not found
Dec 24 03:04:28.173 INFO: ManagerServant: Master manager not found
Dec 24 03:04:38.230 INFO: ManagerServant: Master manager not found
Dec 24 03:04:48.268 INFO: ManagerServant: Master manager not found
Dec 24 03:04:58.315 INFO: ManagerServant: Master manager not found
Dec 24 03:05:08.377 INFO: ManagerServant: Master manager not found
Dec 24 03:05:18.435 INFO: ManagerServant: Master manager not found
Dec 24 03:05:28.487 INFO: ManagerServant: Master manager not found
Dec 24 03:05:38.546 INFO: ManagerServant: Master manager not found
Dec 24 03:05:48.596 INFO: ManagerServant: Master manager not found
Dec 24 03:05:58.651 INFO: ManagerServant: Master manager not found
Dec 24 03:06:08.692 INFO: ManagerServant: Master manager not found
Dec 24 03:06:18.736 INFO: ManagerServant: Master manager not found
Dec 24 03:06:28.797 INFO: ManagerServant: Master manager not found
Dec 24 03:06:38.876 INFO: ManagerServant: Master manager not found
Dec 24 03:06:48.919 INFO: ManagerServant: Master manager not found
Dec 24 03:06:58.986 INFO: ManagerServant: Master manager not found
Dec 24 03:07:09.045 INFO: ManagerServant: Master manager not found
Dec 24 03:07:19.103 INFO: ManagerServant: Master manager not found
Dec 24 03:07:29.152 INFO: ManagerServant: Master manager not found
Dec 24 03:07:39.207 INFO: ManagerServant: Master manager not found
Dec 24 03:07:49.262 INFO: ManagerServant: Master manager not found
Dec 24 03:07:59.339 INFO: ManagerServant: Master manager not found
Dec 24 03:08:09.390 INFO: ManagerServant: Master manager not found
Dec 24 03:08:19.434 INFO: ManagerServant: Master manager not found
Dec 24 03:08:29.483 INFO: ManagerServant: Master manager not found
Dec 24 03:08:39.542 INFO: ManagerServant: Master manager not found
Dec 24 03:08:49.584 INFO: ManagerServant: Master manager not found
Dec 24 03:08:59.654 INFO: ManagerServant: Master manager not found
Dec 24 03:09:09.699 INFO: ManagerServant: Master manager not found
Dec 24 03:09:19.751 INFO: ManagerServant: Master manager not found
Dec 24 03:09:29.807 INFO: ManagerServant: Master manager not found
Dec 24 03:09:39.842 INFO: ManagerServant: Master manager not found
Dec 24 03:09:49.896 INFO: ManagerServant: Master manager not found
Dec 24 03:09:59.956 INFO: ManagerServant: Master manager not found
Dec 24 03:10:10.005 INFO: ManagerServant: Master manager not found
Dec 24 03:10:20.050 INFO: ManagerServant: Master manager not found
Dec 24 03:10:30.093 INFO: ManagerServant: Master manager not found
Dec 24 03:10:40.147 INFO: ManagerServant: Master manager not found
Dec 24 03:10:50.213 INFO: ManagerServant: Master manager not found
Dec 24 03:11:00.287 INFO: ManagerServant: Master manager not found
Dec 24 03:11:10.346 INFO: ManagerServant: Master manager not found
Dec 24 03:11:20.395 INFO: ManagerServant: Master manager not found
Dec 24 03:11:30.461 INFO: ManagerServant: Master manager not found
Dec 24 03:11:40.531 INFO: ManagerServant: Master manager not found
Dec 24 03:11:50.611 INFO: ManagerServant: Master manager not found
Dec 24 03:12:00.685 INFO: ManagerServant: Master manager not found
Dec 24 03:12:10.758 INFO: ManagerServant: Master manager not found
Dec 24 03:12:20.841 INFO: ManagerServant: Master manager not found
Dec 24 03:12:30.892 INFO: ManagerServant: Master manager not found
Dec 24 03:12:40.957 INFO: ManagerServant: Master manager not found
Dec 24 03:12:51.028 INFO: ManagerServant: Master manager not found
Dec 24 03:13:01.096 INFO: ManagerServant: Master manager not found
Dec 24 03:13:11.203 INFO: ManagerServant: Master manager not found
Dec 24 03:13:21.299 INFO: ManagerServant: Master manager not found
Dec 24 03:13:31.398 INFO: ManagerServant: Master manager not found
Dec 24 03:13:41.493 INFO: ManagerServant: Master manager not found
Dec 24 03:13:51.536 INFO: ManagerServant: Master manager not found
Dec 24 03:14:01.592 INFO: ManagerServant: Master manager not found
Dec 24 03:14:11.665 INFO: ManagerServant: Master manager not found
Dec 24 03:14:21.733 INFO: ManagerServant: Master manager not found
Dec 24 03:14:31.803 INFO: ManagerServant: Master manager not found
Dec 24 03:14:41.863 INFO: ManagerServant: Master manager not found
Dec 24 03:14:51.928 INFO: ManagerServant: Master manager not found
Dec 24 03:15:01.965 INFO: ManagerServant: Master manager not found
Dec 24 03:15:12.005 INFO: ManagerServant: Master manager not found
Dec 24 03:15:22.043 INFO: ManagerServant: Master manager not found
Dec 24 03:15:32.109 INFO: ManagerServant: Master manager not found
Dec 24 03:15:42.183 INFO: ManagerServant: Master manager not found
Dec 24 03:15:52.225 INFO: ManagerServant: Master manager not found
Dec 24 03:16:02.267 INFO: ManagerServant: Master manager not found
Dec 24 03:16:12.340 INFO: ManagerServant: Master manager not found
Dec 24 03:16:22.394 INFO: ManagerServant: Master manager not found
Dec 24 03:16:32.458 INFO: ManagerServant: Master manager not found
Dec 24 03:16:42.514 INFO: ManagerServant: Master manager not found
Dec 24 03:16:52.560 INFO: ManagerServant: Master manager not found
Dec 24 03:17:02.622 INFO: ManagerServant: Master manager not found
Dec 24 03:17:12.674 INFO: ManagerServant: Master manager not found
Dec 24 03:17:22.737 INFO: ManagerServant: Master manager not found
Dec 24 03:17:32.785 INFO: ManagerServant: Master manager not found
Dec 24 03:17:42.833 INFO: ManagerServant: Master manager not found
Dec 24 03:17:52.884 INFO: ManagerServant: Master manager not found
Dec 24 03:18:02.919 INFO: ManagerServant: Master manager not found
Dec 24 03:18:12.969 INFO: ManagerServant: Master manager not found
Dec 24 03:18:23.032 INFO: ManagerServant: Master manager not found
Dec 24 03:18:33.079 INFO: ManagerServant: Master manager not found
Dec 24 03:18:43.143 INFO: ManagerServant: Master manager not found
Dec 24 03:18:53.204 INFO: ManagerServant: Master manager not found
Dec 24 03:19:03.265 INFO: ManagerServant: Master manager not found
Dec 24 03:19:13.323 INFO: ManagerServant: Master manager not found
Dec 24 03:19:23.368 INFO: ManagerServant: Master manager not found
Dec 24 03:19:33.469 INFO: ManagerServant: Master manager not found
Dec 24 03:19:43.536 INFO: ManagerServant: Master manager not found
Dec 24 03:19:53.604 INFO: ManagerServant: Master manager not found
Dec 24 03:20:03.656 INFO: ManagerServant: Master manager not found
Dec 24 03:20:13.722 INFO: ManagerServant: Master manager not found
Dec 24 03:20:23.759 INFO: ManagerServant: Master manager not found
Dec 24 03:20:33.821 INFO: ManagerServant: Master manager not found
Dec 24 03:20:43.911 INFO: ManagerServant: Master manager not found
Dec 24 03:20:53.977 INFO: ManagerServant: Master manager not found
Dec 24 03:21:04.024 INFO: ManagerServant: Master manager not found
Dec 24 03:21:14.098 INFO: ManagerServant: Master manager not found
Dec 24 03:21:24.144 INFO: ManagerServant: Master manager not found
Dec 24 03:21:34.186 INFO: ManagerServant: Master manager not found
Dec 24 03:21:44.238 INFO: ManagerServant: Master manager not found
Dec 24 03:21:54.287 INFO: ManagerServant: Master manager not found
Dec 24 03:22:04.332 INFO: ManagerServant: Master manager not found
Dec 24 03:22:14.376 INFO: ManagerServant: Master manager not found
Dec 24 03:22:24.432 INFO: ManagerServant: Master manager not found
Dec 24 03:22:34.496 INFO: ManagerServant: Master manager not found
Dec 24 03:22:44.565 INFO: ManagerServant: Master manager not found
Dec 24 03:22:54.619 INFO: ManagerServant: Master manager not found
Dec 24 03:23:04.655 INFO: ManagerServant: Master manager not found
Dec 24 03:23:14.723 INFO: ManagerServant: Master manager not found
Dec 24 03:23:24.769 INFO: ManagerServant: Master manager not found
Dec 24 03:23:34.810 INFO: ManagerServant: Master manager not found
Dec 24 03:23:44.863 INFO: ManagerServant: Master manager not found
Dec 24 03:23:54.909 INFO: ManagerServant: Master manager not found
Dec 24 03:24:04.967 INFO: ManagerServant: Master manager not found
Dec 24 03:24:15.036 INFO: ManagerServant: Master manager not found
Dec 24 03:24:25.081 INFO: ManagerServant: Master manager not found
Dec 24 03:24:35.141 INFO: ManagerServant: Master manager not found
Dec 24 03:24:45.196 INFO: ManagerServant: Master manager not found
Dec 24 03:24:55.259 INFO: ManagerServant: Master manager not found
Dec 24 03:25:05.302 INFO: ManagerServant: Master manager not found
Dec 24 03:25:15.377 INFO: ManagerServant: Master manager not found
Dec 24 03:25:25.447 INFO: ManagerServant: Master manager not found
Dec 24 03:25:35.530 INFO: ManagerServant: Master manager not found
Dec 24 03:25:45.624 INFO: ManagerServant: Master manager not found
Dec 24 03:25:55.719 INFO: ManagerServant: Master manager not found
Dec 24 03:26:05.797 INFO: ManagerServant: Master manager not found
Dec 24 03:26:15.881 INFO: ManagerServant: Master manager not found
Dec 24 03:26:25.957 INFO: ManagerServant: Master manager not found
Dec 24 03:26:36.029 INFO: ManagerServant: Master manager not found
Dec 24 03:26:46.130 INFO: ManagerServant: Master manager not found
Dec 24 03:26:56.187 INFO: ManagerServant: Master manager not found
Dec 24 03:27:06.271 INFO: ManagerServant: Master manager not found
Dec 24 03:27:16.361 INFO: ManagerServant: Master manager not found
Dec 24 03:27:26.416 INFO: ManagerServant: Master manager not found
Dec 24 03:27:36.520 INFO: ManagerServant: Master manager not found
Dec 24 03:27:46.595 INFO: ManagerServant: Master manager not found
Dec 24 03:27:56.654 INFO: ManagerServant: Master manager not found
Dec 24 03:28:06.747 INFO: ManagerServant: Master manager not found
Dec 24 03:28:16.842 INFO: ManagerServant: Master manager not found
Dec 24 03:28:26.941 INFO: ManagerServant: Master manager not found
Dec 24 03:28:37.008 INFO: ManagerServant: Master manager not found
Dec 24 03:28:47.100 INFO: ManagerServant: Master manager not found
Dec 24 03:28:57.155 INFO: ManagerServant: Master manager not found
Dec 24 03:29:07.248 INFO: ManagerServant: Master manager not found
Dec 24 03:29:17.312 INFO: ManagerServant: Master manager not found
Dec 24 03:29:27.365 INFO: ManagerServant: Master manager not found
Dec 24 03:29:37.450 INFO: ManagerServant: Master manager not found
Dec 24 03:29:47.507 INFO: ManagerServant: Master manager not found
Dec 24 03:29:57.570 INFO: ManagerServant: Master manager not found
Dec 24 03:30:07.626 INFO: ManagerServant: Master manager not found
Dec 24 03:30:17.694 INFO: ManagerServant: Master manager not found
Dec 24 03:30:27.770 INFO: ManagerServant: Master manager not found
Dec 24 03:30:37.845 INFO: ManagerServant: Master manager not found
Dec 24 03:30:47.936 INFO: ManagerServant: Master manager not found
Dec 24 03:30:58.032 INFO: ManagerServant: Master manager not found
Dec 24 03:31:08.115 INFO: ManagerServant: Master manager not found
Dec 24 03:31:18.217 INFO: ManagerServant: Master manager not found
Dec 24 03:31:28.293 INFO: ManagerServant: Master manager not found
Dec 24 03:31:38.390 INFO: ManagerServant: Master manager not found
Dec 24 03:31:48.480 INFO: ManagerServant: Master manager not found
Dec 24 03:31:58.534 INFO: ManagerServant: Master manager not found
Dec 24 03:32:08.602 INFO: ManagerServant: Master manager not found
Dec 24 03:32:18.665 INFO: ManagerServant: Master manager not found
Dec 24 03:32:28.732 INFO: ManagerServant: Master manager not found
Dec 24 03:32:38.818 INFO: ManagerServant: Master manager not found
Dec 24 03:32:48.896 INFO: ManagerServant: Master manager not found
Dec 24 03:32:58.974 INFO: ManagerServant: Master manager not found
Dec 24 03:33:09.050 INFO: ManagerServant: Master manager not found
Dec 24 03:33:19.153 INFO: ManagerServant: Master manager not found
Dec 24 03:33:29.222 INFO: ManagerServant: Master manager not found
Dec 24 03:33:39.334 INFO: ManagerServant: Master manager not found
Dec 24 03:33:49.432 INFO: ManagerServant: Master manager not found
Dec 24 03:33:59.503 INFO: ManagerServant: Master manager not found
Dec 24 03:34:09.576 INFO: ManagerServant: Master manager not found
Dec 24 03:34:19.671 INFO: ManagerServant: Master manager not found
Dec 24 03:34:29.743 INFO: ManagerServant: Master manager not found
Dec 24 03:34:39.837 INFO: ManagerServant: Master manager not found
Dec 24 03:34:49.910 INFO: ManagerServant: Master manager not found
Dec 24 03:34:59.972 INFO: ManagerServant: Master manager not found
Dec 24 03:35:10.017 INFO: ManagerServant: Master manager not found
Dec 24 03:35:20.064 INFO: ManagerServant: Master manager not found
Dec 24 03:35:30.118 INFO: ManagerServant: Master manager not found
Dec 24 03:35:40.202 INFO: ManagerServant: Master manager not found
Dec 24 03:35:50.271 INFO: ManagerServant: Master manager not found
Dec 24 03:36:00.359 INFO: ManagerServant: Master manager not found
Dec 24 03:36:10.416 INFO: ManagerServant: Master manager not found
Dec 24 03:36:20.482 INFO: ManagerServant: Master manager not found
Dec 24 03:36:30.540 INFO: ManagerServant: Master manager not found
Dec 24 03:36:40.583 INFO: ManagerServant: Master manager not found
Dec 24 03:36:50.647 INFO: ManagerServant: Master manager not found
Dec 24 03:37:00.709 INFO: ManagerServant: Master manager not found
Dec 24 03:37:10.754 INFO: ManagerServant: Master manager not found
Dec 24 03:37:20.790 INFO: ManagerServant: Master manager not found
Dec 24 03:37:30.838 INFO: ManagerServant: Master manager not found
Dec 24 03:37:40.906 INFO: ManagerServant: Master manager not found
Dec 24 03:37:50.981 INFO: ManagerServant: Master manager not found
Dec 24 03:38:01.048 INFO: ManagerServant: Master manager not found
Dec 24 03:38:11.122 INFO: ManagerServant: Master manager not found
Dec 24 03:38:21.185 INFO: ManagerServant: Master manager not found
Dec 24 03:38:31.236 INFO: ManagerServant: Master manager not found
Dec 24 03:38:41.303 INFO: ManagerServant: Master manager not found
Dec 24 03:38:51.392 INFO: ManagerServant: Master manager not found
Dec 24 03:39:01.467 INFO: ManagerServant: Master manager not found
Dec 24 03:39:11.563 INFO: ManagerServant: Master manager not found
Dec 24 03:39:21.641 INFO: ManagerServant: Master manager not found
Dec 24 03:39:31.740 INFO: ManagerServant: Master manager not found
Dec 24 03:39:41.775 INFO: ManagerServant: Master manager not found
Dec 24 03:39:51.841 INFO: ManagerServant: Master manager not found
Dec 24 03:40:01.919 INFO: ManagerServant: Master manager not found
Dec 24 03:40:12.005 INFO: ManagerServant: Master manager not found
Dec 24 03:40:22.045 INFO: ManagerServant: Master manager not found
Dec 24 03:40:32.136 INFO: ManagerServant: Master manager not found
Dec 24 03:40:42.234 INFO: ManagerServant: Master manager not found
Dec 24 03:40:52.305 INFO: ManagerServant: Master manager not found
Dec 24 03:41:02.341 INFO: ManagerServant: Master manager not found
Dec 24 03:41:12.412 INFO: ManagerServant: Master manager not found
Dec 24 03:41:22.453 INFO: ManagerServant: Master manager not found
Dec 24 03:41:32.524 INFO: ManagerServant: Master manager not found
Dec 24 03:41:42.574 INFO: ManagerServant: Master manager not found
Dec 24 03:41:52.654 INFO: ManagerServant: Master manager not found
Dec 24 03:42:02.733 INFO: ManagerServant: Master manager not found
Dec 24 03:42:12.788 INFO: ManagerServant: Master manager not found
Dec 24 03:42:22.818 INFO: ManagerServant: Master manager not found
Dec 24 03:42:32.843 INFO: ManagerServant: Master manager not found
Dec 24 03:42:42.868 INFO: ManagerServant: Master manager not found
Dec 24 03:42:52.898 INFO: ManagerServant: Master manager not found
Dec 24 03:43:02.939 INFO: ManagerServant: Master manager not found
Dec 24 03:43:12.974 INFO: ManagerServant: Master manager not found
Dec 24 03:43:22.997 INFO: ManagerServant: Master manager not found
Dec 24 03:43:33.029 INFO: ManagerServant: Master manager not found
Dec 24 03:43:43.056 INFO: ManagerServant: Master manager not found
Dec 24 03:43:53.085 INFO: ManagerServant: Master manager not found
Dec 24 03:44:03.111 INFO: ManagerServant: Master manager not found
Dec 24 03:44:13.142 INFO: ManagerServant: Master manager not found
Dec 24 03:44:23.193 INFO: ManagerServant: Master manager not found
Dec 24 03:44:33.243 INFO: ManagerServant: Master manager not found
Dec 24 03:44:43.277 INFO: ManagerServant: Master manager not found
Dec 24 03:44:53.316 INFO: ManagerServant: Master manager not found
Dec 24 03:45:03.360 INFO: ManagerServant: Master manager not found
Dec 24 03:45:13.415 INFO: ManagerServant: Master manager not found
Dec 24 03:45:23.454 INFO: ManagerServant: Master manager not found
Dec 24 03:45:33.486 INFO: ManagerServant: Master manager not found
Dec 24 03:45:43.518 INFO: ManagerServant: Master manager not found
Dec 24 03:45:53.550 INFO: ManagerServant: Master manager not found
Dec 24 03:46:03.635 INFO: ManagerServant: Master manager not found
Dec 24 03:46:13.703 INFO: ManagerServant: Master manager not found
Dec 24 03:46:23.756 INFO: ManagerServant: Master manager not found
Dec 24 03:46:33.797 INFO: ManagerServant: Master manager not found
Dec 24 03:46:43.851 INFO: ManagerServant: Master manager not found
Dec 24 03:46:53.917 INFO: ManagerServant: Master manager not found
Dec 24 03:47:03.970 INFO: ManagerServant: Master manager not found
Dec 24 03:47:14.019 INFO: ManagerServant: Master manager not found
Dec 24 03:47:24.072 INFO: ManagerServant: Master manager not found
Dec 24 03:47:34.116 INFO: ManagerServant: Master manager not found
Dec 24 03:47:44.169 INFO: ManagerServant: Master manager not found
Dec 24 03:47:54.222 INFO: ManagerServant: Master manager not found
Dec 24 03:48:04.265 INFO: ManagerServant: Master manager not found
Dec 24 03:48:14.324 INFO: ManagerServant: Master manager not found
Dec 24 03:48:24.376 INFO: ManagerServant: Master manager not found
Dec 24 03:48:34.419 INFO: ManagerServant: Master manager not found
Dec 24 03:48:44.454 INFO: ManagerServant: Master manager not found
Dec 24 03:48:54.494 INFO: ManagerServant: Master manager not found
Dec 24 03:49:04.531 INFO: ManagerServant: Master manager not found
Dec 24 03:49:14.570 INFO: ManagerServant: Master manager not found
Dec 24 03:49:24.598 INFO: ManagerServant: Master manager not found
Dec 24 03:49:34.632 INFO: ManagerServant: Master manager not found
Dec 24 03:49:44.699 INFO: ManagerServant: Master manager not found
Dec 24 03:49:54.745 INFO: ManagerServant: Master manager not found
Dec 24 03:50:04.790 INFO: ManagerServant: Master manager not found
Dec 24 03:50:14.838 INFO: ManagerServant: Master manager not found
Dec 24 03:50:24.869 INFO: ManagerServant: Master manager not found
Dec 24 03:50:34.908 INFO: ManagerServant: Master manager not found
Dec 24 03:50:44.952 INFO: ManagerServant: Master manager not found
Dec 24 03:50:54.996 INFO: ManagerServant: Master manager not found
Dec 24 03:51:05.044 INFO: ManagerServant: Master manager not found
Dec 24 03:51:15.085 INFO: ManagerServant: Master manager not found
Dec 24 03:51:25.125 INFO: ManagerServant: Master manager not found
Dec 24 03:51:35.172 INFO: ManagerServant: Master manager not found
Dec 24 03:51:45.215 INFO: ManagerServant: Master manager not found
Dec 24 03:51:55.258 INFO: ManagerServant: Master manager not found
Dec 24 03:52:05.301 INFO: ManagerServant: Master manager not found
Dec 24 03:52:15.337 INFO: ManagerServant: Master manager not found
Dec 24 03:52:25.399 INFO: ManagerServant: Master manager not found
Dec 24 03:52:35.446 INFO: ManagerServant: Master manager not found
Dec 24 03:52:45.496 INFO: ManagerServant: Master manager not found
Dec 24 03:52:55.536 INFO: ManagerServant: Master manager not found
Dec 24 03:53:05.586 INFO: ManagerServant: Master manager not found
Dec 24 03:53:15.628 INFO: ManagerServant: Master manager not found
Dec 24 03:53:25.682 INFO: ManagerServant: Master manager not found
Dec 24 03:53:35.743 INFO: ManagerServant: Master manager not found
Dec 24 03:53:45.809 INFO: ManagerServant: Master manager not found
Dec 24 03:53:55.855 INFO: ManagerServant: Master manager not found
Dec 24 03:54:05.903 INFO: ManagerServant: Master manager not found
Dec 24 03:54:15.949 INFO: ManagerServant: Master manager not found
Dec 24 03:54:25.993 INFO: ManagerServant: Master manager not found
Dec 24 03:54:36.034 INFO: ManagerServant: Master manager not found
Dec 24 03:54:46.081 INFO: ManagerServant: Master manager not found
Dec 24 03:54:56.123 INFO: ManagerServant: Master manager not found
Dec 24 03:55:06.166 INFO: ManagerServant: Master manager not found
Dec 24 03:55:16.196 INFO: ManagerServant: Master manager not found
Dec 24 03:55:26.240 INFO: ManagerServant: Master manager not found
Dec 24 03:55:36.293 INFO: ManagerServant: Master manager not found
Dec 24 03:55:46.340 INFO: ManagerServant: Master manager not found
Dec 24 03:55:56.389 INFO: ManagerServant: Master manager not found
Dec 24 03:56:06.440 INFO: ManagerServant: Master manager not found
Dec 24 03:56:16.484 INFO: ManagerServant: Master manager not found
Dec 24 03:56:26.546 INFO: ManagerServant: Master manager not found
Dec 24 03:56:36.587 INFO: ManagerServant: Master manager not found
Dec 24 03:56:46.633 INFO: ManagerServant: Master manager not found
Dec 24 03:56:56.670 INFO: ManagerServant: Master manager not found
Dec 24 03:57:06.716 INFO: ManagerServant: Master manager not found
Dec 24 03:57:16.775 INFO: ManagerServant: Master manager not found
Dec 24 03:57:26.825 INFO: ManagerServant: Master manager not found
Dec 24 03:57:36.878 INFO: ManagerServant: Master manager not found
Dec 24 03:57:46.928 INFO: ManagerServant: Master manager not found
Dec 24 03:57:56.975 INFO: ManagerServant: Master manager not found
Dec 24 03:58:07.024 INFO: ManagerServant: Master manager not found
Dec 24 03:58:17.068 INFO: ManagerServant: Master manager not found
Dec 24 03:58:27.104 INFO: ManagerServant: Master manager not found
Dec 24 03:58:37.142 INFO: ManagerServant: Master manager not found
Dec 24 03:58:47.193 INFO: ManagerServant: Master manager not found
Dec 24 03:58:57.239 INFO: ManagerServant: Master manager not found
Dec 24 03:59:07.278 INFO: ManagerServant: Master manager not found
Dec 24 03:59:17.327 INFO: ManagerServant: Master manager not found
Dec 24 03:59:27.366 INFO: ManagerServant: Master manager not found
Dec 24 03:59:37.418 INFO: ManagerServant: Master manager not found
Dec 24 03:59:47.477 INFO: ManagerServant: Master manager not found
Dec 24 03:59:57.527 INFO: ManagerServant: Master manager not found
Dec 24 04:00:07.562 INFO: ManagerServant: Master manager not found
Dec 24 04:00:17.611 INFO: ManagerServant: Master manager not found
Dec 24 04:00:27.663 INFO: ManagerServant: Master manager not found
Dec 24 04:00:37.716 INFO: ManagerServant: Master manager not found
Dec 24 04:00:47.761 INFO: ManagerServant: Master manager not found
Dec 24 04:00:57.806 INFO: ManagerServant: Master manager not found
Dec 24 04:01:07.852 INFO: ManagerServant: Master manager not found
Dec 24 04:01:17.903 INFO: ManagerServant: Master manager not found
Dec 24 04:01:27.967 INFO: ManagerServant: Master manager not found
Dec 24 04:01:38.032 INFO: ManagerServant: Master manager not found
Dec 24 05:31:51.689 INFO: ManagerServant: Master manager not found
Dec 24 05:32:01.747 INFO: ManagerServant: Master manager not found
Dec 24 05:32:11.796 INFO: ManagerServant: Master manager not found
Dec 24 05:32:21.850 INFO: ManagerServant: Master manager not found
Dec 24 05:32:31.900 INFO: ManagerServant: Master manager not found
Dec 24 05:32:41.946 INFO: ManagerServant: Master manager not found
Dec 24 05:32:51.986 INFO: ManagerServant: Master manager not found
Dec 24 05:33:02.028 INFO: ManagerServant: Master manager not found
Dec 24 05:33:12.073 INFO: ManagerServant: Master manager not found
Dec 24 05:33:22.119 INFO: ManagerServant: Master manager not found
Dec 24 05:33:32.158 INFO: ManagerServant: Master manager not found
Dec 24 05:33:42.195 INFO: ManagerServant: Master manager not found
Dec 24 05:33:52.240 INFO: ManagerServant: Master manager not found
Dec 24 05:34:02.287 INFO: ManagerServant: Master manager not found
Dec 24 05:34:12.326 INFO: ManagerServant: Master manager not found
Dec 24 05:34:22.367 INFO: ManagerServant: Master manager not found
